<?xml version="1.0" encoding="UTF-8"?>
<testng-results skipped="0" failed="0" total="1" passed="1">
  <reporter-output>
  </reporter-output>
  <suite name="Default suite" duration-ms="37940" started-at="2020-06-05T11:01:09Z" finished-at="2020-06-05T11:01:47Z">
    <groups>
    </groups>
    <test name="Default test" duration-ms="37940" started-at="2020-06-05T11:01:09Z" finished-at="2020-06-05T11:01:47Z">
      <class name="com.framework.FlightSearchTest.FlightSearchTest">
        <test-method status="PASS" signature="initialize()[pri:0, instance:com.framework.FlightSearchTest.FlightSearchTest@77cd7a0]" name="initialize" is-config="true" duration-ms="12414" started-at="2020-06-05T16:31:09Z" finished-at="2020-06-05T16:31:22Z">
          <reporter-output>
          </reporter-output>
        </test-method> <!-- initialize -->
        <test-method status="PASS" signature="searchBusinessFlightTest()[pri:0, instance:com.framework.FlightSearchTest.FlightSearchTest@77cd7a0]" name="searchBusinessFlightTest" duration-ms="24295" started-at="2020-06-05T16:31:22Z" finished-at="2020-06-05T16:31:46Z">
          <reporter-output>
          </reporter-output>
        </test-method> <!-- searchBusinessFlightTest -->
        <test-method status="PASS" signature="teardown()[pri:0, instance:com.framework.FlightSearchTest.FlightSearchTest@77cd7a0]" name="teardown" is-config="true" duration-ms="1206" started-at="2020-06-05T16:31:46Z" finished-at="2020-06-05T16:31:47Z">
          <reporter-output>
          </reporter-output>
        </test-method> <!-- teardown -->
      </class> <!-- com.framework.FlightSearchTest.FlightSearchTest -->
    </test> <!-- Default test -->
  </suite> <!-- Default suite -->
</testng-results>
